<?xml version="1.0" encoding="UTF-8"?>
<!-- Generated by org.testng.reporters.JUnitReportReporter -->
<testsuite skipped="0" hostname="shashi-PC" name="test.project.LoginToApplication" tests="1" failures="0" timestamp="2021-09-12T12:02:55 IST" time="14.341" errors="0">
  <testcase name="SignIn" time="14.341" classname="test.project.LoginToApplication"/>
  <system-out/>
</testsuite> <!-- test.project.LoginToApplication -->
